Построение начато 11.01.2018 15:38:49.
     1>Проект "D:\Сі\C++\FootballBase\FootballBase\FootballBase\FootballBase.vcxproj" в узле 2 (целевые объекты build).
     1>InitializeBuildStatus:
         Создание "Debug\FootballBase.unsuccessfulbuild", так как было задано "AlwaysCreate".
       GenerateTargetFrameworkMonikerAttribute:
       Целевой объект "GenerateTargetFrameworkMonikerAttribute" пропускается, так как все выходные файлы актуальны по отношению к входным.
       ClCompile:
         Для всех выходных данных обновления не требуется.
         Для всех выходных данных обновления не требуется.
         Для всех выходных данных обновления не требуется.
       CoreResGen:
         "C:\Program Files\Microsoft SDKs\Windows\v7.0A\bin\NETFX 4.0 Tools\resgen.exe" /useSourcePath /r:"C:\Program Files\Reference Assemblies\Microsoft\Framework\.NETFramework\v4.0\System.Core.dll" /r:"C:\Program Files\Reference Assemblies\Microsoft\Framework\.NETFramework\v4.0\System.Data.dll" /r:"D:\Сі\C++\FootballBase\FootballBase\System.Data.SQLite.dll" /r:"C:\Program Files\Reference Assemblies\Microsoft\Framework\.NETFramework\v4.0\System.dll" /r:"C:\Program Files\Reference Assemblies\Microsoft\Framework\.NETFramework\v4.0\System.Drawing.dll" /r:"C:\Program Files\Reference Assemblies\Microsoft\Framework\.NETFramework\v4.0\System.Windows.Forms.dll" /r:"C:\Program Files\Reference Assemblies\Microsoft\Framework\.NETFramework\v4.0\System.Xml.dll" /compile Form1.resX,Debug\FootballBase.Form1.resources
         Обрабатывается файл ресурсов "Form1.resX", результирующий объект: "Debug\FootballBase.Form1.resources".
       ResourceCompile:
         Для всех выходных данных обновления не требуется.
       Link:
         C:\Program Files\Microsoft Visual Studio 10.0\VC\bin\link.exe /ERRORREPORT:PROMPT /OUT:"D:\Сі\C++\FootballBase\FootballBase\Debug\FootballBase.exe" /INCREMENTAL /NOLOGO /ASSEMBLYRESOURCE:Debug\FootballBase.Form1.resources /MANIFEST /ManifestFile:"Debug\FootballBase.exe.intermediate.manifest" /MANIFESTUAC:"level='asInvoker' uiAccess='false'" /DEBUG /PDB:"D:\Сі\C++\FootballBase\FootballBase\Debug\FootballBase.pdb" /ASSEMBLYDEBUG /SUBSYSTEM:WINDOWS /TLBID:1 /ENTRY:"main" /DYNAMICBASE /FIXED:NO /NXCOMPAT /MACHINE:X86 Debug\app.res
         Debug\AssemblyInfo.obj
         Debug\FootballBase.obj
         Debug\stdafx.obj
         "Debug\.NETFramework,Version=v4.0.AssemblyAttributes.obj"
         FootballBase.vcxproj -> D:\Сі\C++\FootballBase\FootballBase\Debug\FootballBase.exe
       Manifest:
         C:\Program Files\Microsoft SDKs\Windows\v7.0A\bin\mt.exe /nologo /verbose /outputresource:"D:\Сі\C++\FootballBase\FootballBase\Debug\FootballBase.exe;#1" /manifest Debug\FootballBase.exe.intermediate.manifest
       FinalizeBuildStatus:
         Файл "Debug\FootballBase.unsuccessfulbuild" удаляется.
         Обращение к "Debug\FootballBase.lastbuildstate".
     1>Построение проекта "D:\Сі\C++\FootballBase\FootballBase\FootballBase\FootballBase.vcxproj" завершено (целевые объекты build).

Построение успешно завершено.

Затраченное время: 00:00:11.93
