Построение начато 11.01.2018 15:36:57.
     1>Проект "D:\Сі\C++\FootballBase\FootballBase\FootballBase\FootballBase.vcxproj" в узле 2 (целевые объекты build).
     1>PrepareForBuild:
         Создание каталога "D:\Сі\C++\FootballBase\FootballBase\x64\Debug\".
       InitializeBuildStatus:
         Создание "x64\Debug\FootballBase.unsuccessfulbuild", так как было задано "AlwaysCreate".
       GenerateTargetFrameworkMonikerAttribute:
       Целевой объект "GenerateTargetFrameworkMonikerAttribute" пропускается, так как все выходные файлы актуальны по отношению к входным.
       ClCompile:
         C:\Program Files\Microsoft Visual Studio 10.0\VC\bin\x86_amd64\CL.exe /c /AI"C:\Program Files\Reference Assemblies\Microsoft\Framework\.NETFramework\v4.0" /Zi /clr:pure /nologo /W3 /WX- /Od /D WIN32 /D _DEBUG /D _UNICODE /D UNICODE /EHa /MDd /GS /fp:precise /Zc:wchar_t /Zc:forScope /Yc"StdAfx.h" /Fp"x64\Debug\FootballBase.pch" /Fo"x64\Debug\\" /Fd"x64\Debug\vc100.pdb" /TP /FU"C:\Program Files\Reference Assemblies\Microsoft\Framework\.NETFramework\v4.0\System.Core.dll" /FU"C:\Program Files\Reference Assemblies\Microsoft\Framework\.NETFramework\v4.0\System.Data.dll" /FU"D:\Сі\C++\FootballBase\FootballBase\System.Data.SQLite.dll" /FU"C:\Program Files\Reference Assemblies\Microsoft\Framework\.NETFramework\v4.0\System.dll" /FU"C:\Program Files\Reference Assemblies\Microsoft\Framework\.NETFramework\v4.0\System.Drawing.dll" /FU"C:\Program Files\Reference Assemblies\Microsoft\Framework\.NETFramework\v4.0\System.Windows.Forms.dll" /FU"C:\Program Files\Reference Assemblies\Microsoft\Framework\.NETFramework\v4.0\System.Xml.dll" /errorReport:prompt stdafx.cpp /clr:nostdlib 
         stdafx.cpp
         C:\Program Files\Microsoft Visual Studio 10.0\VC\bin\x86_amd64\CL.exe /c /AI"C:\Program Files\Reference Assemblies\Microsoft\Framework\.NETFramework\v4.0" /Zi /clr:pure /nologo /W3 /WX- /Od /D WIN32 /D _DEBUG /D _UNICODE /D UNICODE /EHa /MDd /GS /fp:precise /Zc:wchar_t /Zc:forScope /Yu"StdAfx.h" /Fp"x64\Debug\FootballBase.pch" /Fo"x64\Debug\\" /Fd"x64\Debug\vc100.pdb" /TP /FU"C:\Program Files\Reference Assemblies\Microsoft\Framework\.NETFramework\v4.0\System.Core.dll" /FU"C:\Program Files\Reference Assemblies\Microsoft\Framework\.NETFramework\v4.0\System.Data.dll" /FU"D:\Сі\C++\FootballBase\FootballBase\System.Data.SQLite.dll" /FU"C:\Program Files\Reference Assemblies\Microsoft\Framework\.NETFramework\v4.0\System.dll" /FU"C:\Program Files\Reference Assemblies\Microsoft\Framework\.NETFramework\v4.0\System.Drawing.dll" /FU"C:\Program Files\Reference Assemblies\Microsoft\Framework\.NETFramework\v4.0\System.Windows.Forms.dll" /FU"C:\Program Files\Reference Assemblies\Microsoft\Framework\.NETFramework\v4.0\System.Xml.dll" /errorReport:prompt AssemblyInfo.cpp FootballBase.cpp /clr:nostdlib 
         AssemblyInfo.cpp
         FootballBase.cpp
         Generating Code...
         C:\Program Files\Microsoft Visual Studio 10.0\VC\bin\x86_amd64\CL.exe /c /Zi /clr:pure /nologo /W3 /WX- /Od /D WIN32 /D _DEBUG /D _UNICODE /D UNICODE /EHa /MDd /GS /fp:precise /Zc:wchar_t /Zc:forScope /Fo"x64\Debug\\" /Fd"x64\Debug\vc100.pdb" /TP /errorReport:prompt "C:\Users\Igor\AppData\Local\Temp\.NETFramework,Version=v4.0.AssemblyAttributes.cpp"
         .NETFramework,Version=v4.0.AssemblyAttributes.cpp
       CoreResGen:
         "C:\Program Files\Microsoft SDKs\Windows\v7.0A\bin\NETFX 4.0 Tools\resgen.exe" /useSourcePath /r:"C:\Program Files\Reference Assemblies\Microsoft\Framework\.NETFramework\v4.0\System.Core.dll" /r:"C:\Program Files\Reference Assemblies\Microsoft\Framework\.NETFramework\v4.0\System.Data.dll" /r:"D:\Сі\C++\FootballBase\FootballBase\System.Data.SQLite.dll" /r:"C:\Program Files\Reference Assemblies\Microsoft\Framework\.NETFramework\v4.0\System.dll" /r:"C:\Program Files\Reference Assemblies\Microsoft\Framework\.NETFramework\v4.0\System.Drawing.dll" /r:"C:\Program Files\Reference Assemblies\Microsoft\Framework\.NETFramework\v4.0\System.Windows.Forms.dll" /r:"C:\Program Files\Reference Assemblies\Microsoft\Framework\.NETFramework\v4.0\System.Xml.dll" /compile Form1.resX,x64\Debug\FootballBase.Form1.resources
         Обрабатывается файл ресурсов "Form1.resX", результирующий объект: "x64\Debug\FootballBase.Form1.resources".
       ResourceCompile:
         C:\Program Files\Microsoft SDKs\Windows\v7.0A\bin\rc.exe /D _UNICODE /D UNICODE /l"0x0409" /nologo /fo"x64\Debug\app.res" app.rc 
       Link:
         C:\Program Files\Microsoft Visual Studio 10.0\VC\bin\x86_amd64\link.exe /ERRORREPORT:PROMPT /OUT:"D:\Сі\C++\FootballBase\FootballBase\x64\Debug\FootballBase.exe" /INCREMENTAL /NOLOGO /ASSEMBLYRESOURCE:x64\Debug\FootballBase.Form1.resources /MANIFEST /ManifestFile:"x64\Debug\FootballBase.exe.intermediate.manifest" /MANIFESTUAC:"level='asInvoker' uiAccess='false'" /DEBUG /PDB:"D:\Сі\C++\FootballBase\FootballBase\x64\Debug\FootballBase.pdb" /ASSEMBLYDEBUG /SUBSYSTEM:WINDOWS /TLBID:1 /ENTRY:"main" /DYNAMICBASE /FIXED:NO /NXCOMPAT /MACHINE:X64 x64\Debug\app.res
         x64\Debug\AssemblyInfo.obj
         x64\Debug\FootballBase.obj
         x64\Debug\stdafx.obj
         "x64\Debug\.NETFramework,Version=v4.0.AssemblyAttributes.obj"
         FootballBase.vcxproj -> D:\Сі\C++\FootballBase\FootballBase\x64\Debug\FootballBase.exe
       Manifest:
         C:\Program Files\Microsoft SDKs\Windows\v7.0A\bin\mt.exe /nologo /verbose /outputresource:"D:\Сі\C++\FootballBase\FootballBase\x64\Debug\FootballBase.exe;#1" /manifest x64\Debug\FootballBase.exe.intermediate.manifest
       _CopyFilesMarkedCopyLocal:
         Копирование файла из "D:\Сі\C++\FootballBase\FootballBase\System.Data.SQLite.dll" в "D:\Сі\C++\FootballBase\FootballBase\x64\Debug\System.Data.SQLite.dll".
       FinalizeBuildStatus:
         Файл "x64\Debug\FootballBase.unsuccessfulbuild" удаляется.
         Обращение к "x64\Debug\FootballBase.lastbuildstate".
     1>Построение проекта "D:\Сі\C++\FootballBase\FootballBase\FootballBase\FootballBase.vcxproj" завершено (целевые объекты build).

Построение успешно завершено.

Затраченное время: 00:00:24.97
